<?xml version="1.0" encoding="UTF-8"?>
<!-- Generated by org.testng.reporters.JUnitReportReporter -->
<testsuite skipped="0" hostname="DESKTOP-4F0V1JH" name="qaclickacademy.SeleniumTest" tests="2" failures="0" timestamp="2022-03-10T21:15:08 COT" time="0.001" errors="0">
  <testcase name="SeleniumTest2" time="0.001" classname="qaclickacademy.SeleniumTest"/>
  <system-out/>
  <testcase name="SeleniumTest1" time="0.000" classname="qaclickacademy.SeleniumTest"/>
  <system-out/>
</testsuite> <!-- qaclickacademy.SeleniumTest -->
