<?xml version="1.0" encoding="UTF-8"?>
<!-- Generated by org.testng.reporters.JUnitReportReporter -->
<testsuite skipped="0" hostname="DESKTOP-4F0V1JH" name="qaclickacademy.AppiumTest" tests="2" failures="0" timestamp="2022-03-10T21:15:08 COT" time="0.007" errors="0">
  <testcase name="AppiumTest1" time="0.006" classname="qaclickacademy.AppiumTest"/>
  <system-out/>
  <testcase name="AppiumTest2" time="0.001" classname="qaclickacademy.AppiumTest"/>
  <system-out/>
</testsuite> <!-- qaclickacademy.AppiumTest -->
