<?xml version="1.0" encoding="UTF-8"?>
<!-- Generated by org.testng.reporters.JUnitReportReporter -->
<testsuite hostname="DESKTOP-4F0V1JH" failures="0" tests="2" name="qaclickacademy.RestApiTest" time="0.000" errors="0" timestamp="2022-02-21T11:09:01 COT" skipped="0">
  <testcase classname="qaclickacademy.RestApiTest" name="RestApiTest1" time="0.000"/>
  <system-out/>
  <testcase classname="qaclickacademy.RestApiTest" name="RestApiTest2" time="0.000"/>
  <system-out/>
</testsuite> <!-- qaclickacademy.RestApiTest -->
