<?xml version="1.0" encoding="UTF-8"?>
<!-- Generated by org.testng.reporters.JUnitReportReporter -->
<testsuite hostname="DESKTOP-4F0V1JH" failures="0" tests="2" name="qaclickacademy.AppiumTest" time="0.008" errors="0" timestamp="2022-02-21T11:09:27 COT" skipped="0">
  <testcase classname="qaclickacademy.AppiumTest" name="AppiumTest2" time="0.001"/>
  <system-out/>
  <testcase classname="qaclickacademy.AppiumTest" name="AppiumTest1" time="0.007"/>
  <system-out/>
</testsuite> <!-- qaclickacademy.AppiumTest -->
